[2023-03-23T14:01:05.320] [INFO] default - Request received: GET /api/v1/pop at Thu Mar 23 2023 14:01:05 GMT+0100 (Centraleuropæisk normaltid) with code 200
[2023-03-23T14:01:21.264] [INFO] default - Request received: GET /api/v1/pop at Thu Mar 23 2023 14:01:21 GMT+0100 (Centraleuropæisk normaltid) with code 200
[2023-03-23T14:01:51.376] [INFO] default - Request received: GET /api/v1/pop at Thu Mar 23 2023 14:01:51 GMT+0100 (Centraleuropæisk normaltid) with code 200
[2023-03-23T14:02:24.181] [INFO] default - Request received: GET /api/v1/pop at Thu Mar 23 2023 14:02:24 GMT+0100 (Centraleuropæisk normaltid) with code 200
[2023-03-23T14:03:23.606] [INFO] default - Request received: GET /api/v1/pop at Thu Mar 23 2023 14:03:23 GMT+0100 (Centraleuropæisk normaltid) with code 200
[2023-03-23T14:09:11.633] [INFO] default - Request received: GET /api/v1/pop at Thu Mar 23 2023 14:09:11 GMT+0100 (Centraleuropæisk normaltid) with code 200
[2023-03-23T14:17:13.307] [INFO] default - Request received: GET /api/v1/pop at Thu Mar 23 2023 14:17:13 GMT+0100 (Centraleuropæisk normaltid) with code 200
[2023-03-23T14:28:18.902] [INFO] default - Request received: GET /api/v1/pop at Thu Mar 23 2023 14:28:18 GMT+0100 (Centraleuropæisk normaltid) with code 200
[2023-03-23T14:29:38.445] [INFO] default - Request received: GET /api/v1/pop at Thu Mar 23 2023 14:29:38 GMT+0100 (Centraleuropæisk normaltid) with code 200
[2023-03-23T14:30:41.653] [INFO] default - Request received: GET /api/v1/pop at Thu Mar 23 2023 14:30:41 GMT+0100 (Centraleuropæisk normaltid) with code 200
[2023-03-23T14:31:27.242] [INFO] default - Request received: GET /api/v1/pop at Thu Mar 23 2023 14:31:27 GMT+0100 (Centraleuropæisk normaltid) with code 200
[2023-03-23T14:33:36.613] [INFO] default - Request received: GET /api/v1/pop at Thu Mar 23 2023 14:33:36 GMT+0100 (Centraleuropæisk normaltid) with code 200
[2023-03-23T14:46:46.621] [INFO] default - Request received: GET /api/v1/pop at Thu Mar 23 2023 14:46:46 GMT+0100 (Centraleuropæisk normaltid) with code 200
[2023-03-23T14:51:43.740] [INFO] default - Request received: GET /api/v1/pop at Thu Mar 23 2023 14:51:43 GMT+0100 (Centraleuropæisk normaltid) with code 200
[2023-03-23T14:55:09.183] [INFO] default - Request received: GET /api/v1/pop at Thu Mar 23 2023 14:55:09 GMT+0100 (Centraleuropæisk normaltid) with code 200
[2023-03-23T14:58:18.778] [INFO] default - Request received: GET /api/v1/pop at Thu Mar 23 2023 14:58:18 GMT+0100 (Centraleuropæisk normaltid) with code 200
[2023-03-23T14:58:37.885] [INFO] default - Request received: GET /api/v1/pop at Thu Mar 23 2023 14:58:37 GMT+0100 (Centraleuropæisk normaltid) with code 200
[2023-03-23T14:59:07.534] [INFO] default - Request received: GET /api/v1/pop at Thu Mar 23 2023 14:59:07 GMT+0100 (Centraleuropæisk normaltid) with code 200
[2023-03-23T14:59:48.677] [INFO] default - Request received: GET /api/v1/pop at Thu Mar 23 2023 14:59:48 GMT+0100 (Centraleuropæisk normaltid) with code 200
[2023-03-23T15:03:45.322] [INFO] default - Request received: GET /api/v1/pop at Thu Mar 23 2023 15:03:45 GMT+0100 (Centraleuropæisk normaltid) with code 200
[2023-03-23T15:03:54.085] [INFO] default - Request received: GET /api/v1/pop at Thu Mar 23 2023 15:03:54 GMT+0100 (Centraleuropæisk normaltid) with code 200
[2023-03-23T15:04:44.799] [INFO] default - Request received: GET /api/v1/pop at Thu Mar 23 2023 15:04:44 GMT+0100 (Centraleuropæisk normaltid) with code 200
[2023-03-23T15:05:08.183] [INFO] default - Request received: GET /api/v1/pop at Thu Mar 23 2023 15:05:08 GMT+0100 (Centraleuropæisk normaltid) with code 200
[2023-03-23T15:05:31.632] [INFO] default - Request received: GET /api/v1/pop at Thu Mar 23 2023 15:05:31 GMT+0100 (Centraleuropæisk normaltid) with code 200
[2023-03-23T15:05:50.518] [INFO] default - Request received: GET /api/v1/pop at Thu Mar 23 2023 15:05:50 GMT+0100 (Centraleuropæisk normaltid) with code 200
[2023-03-23T15:06:18.242] [INFO] default - Request received: GET /api/v1/pop at Thu Mar 23 2023 15:06:18 GMT+0100 (Centraleuropæisk normaltid) with code 200
[2023-03-23T15:06:31.144] [INFO] default - Request received: GET /api/v1/pop at Thu Mar 23 2023 15:06:31 GMT+0100 (Centraleuropæisk normaltid) with code 200
[2023-03-23T15:06:44.357] [INFO] default - Request received: GET /api/v1/pop at Thu Mar 23 2023 15:06:44 GMT+0100 (Centraleuropæisk normaltid) with code 200
[2023-03-23T15:06:59.168] [INFO] default - Request received: GET /api/v1/pop at Thu Mar 23 2023 15:06:59 GMT+0100 (Centraleuropæisk normaltid) with code 200
[2023-03-30T18:48:04.236] [INFO] default - Request received: GET / at Thu Mar 30 2023 18:48:04 GMT+0200 (Centraleuropæisk sommertid) with code 200
[2023-03-30T18:48:09.430] [INFO] default - Request received: GET /classes at Thu Mar 30 2023 18:48:09 GMT+0200 (Centraleuropæisk sommertid) with code 200
[2023-03-30T18:48:21.311] [INFO] default - Request received: GET /api/v1/data/classes at Thu Mar 30 2023 18:48:21 GMT+0200 (Centraleuropæisk sommertid) with code 200
[2023-03-30T18:48:21.438] [INFO] default - Request received: GET /favicon.ico at Thu Mar 30 2023 18:48:21 GMT+0200 (Centraleuropæisk sommertid) with code 200
[2023-03-30T18:50:30.628] [INFO] default - Request received: GET /api/v1/data/classes at Thu Mar 30 2023 18:50:30 GMT+0200 (Centraleuropæisk sommertid) with code 200
[2023-03-30T18:50:31.876] [INFO] default - Request received: GET /api/v1/data/classes at Thu Mar 30 2023 18:50:31 GMT+0200 (Centraleuropæisk sommertid) with code 200
[2023-03-30T18:50:56.102] [INFO] default - Request received: GET /api/v1/data/classes at Thu Mar 30 2023 18:50:56 GMT+0200 (Centraleuropæisk sommertid) with code 200
[2023-03-30T18:51:02.650] [INFO] default - Request received: GET /api/v1/data/classes at Thu Mar 30 2023 18:51:02 GMT+0200 (Centraleuropæisk sommertid) with code 200
[2023-03-30T21:53:41.852] [INFO] default - Request received: GET / at Thu Mar 30 2023 21:53:41 GMT+0200 (Centraleuropæisk sommertid) with code 200
[2023-03-30T21:53:56.949] [INFO] default - Request received: GET /classes at Thu Mar 30 2023 21:53:56 GMT+0200 (Centraleuropæisk sommertid) with code 200
[2023-03-30T21:54:12.325] [INFO] default - Request received: GET /api/v1//classes at Thu Mar 30 2023 21:54:12 GMT+0200 (Centraleuropæisk sommertid) with code 200
[2023-03-30T21:54:16.336] [INFO] default - Request received: GET /api/v1/classes at Thu Mar 30 2023 21:54:16 GMT+0200 (Centraleuropæisk sommertid) with code 200
[2023-03-30T21:54:22.121] [INFO] default - Request received: GET /api/v1/data/classes at Thu Mar 30 2023 21:54:22 GMT+0200 (Centraleuropæisk sommertid) with code 200
[2023-03-30T21:54:22.213] [INFO] default - Request received: GET /favicon.ico at Thu Mar 30 2023 21:54:22 GMT+0200 (Centraleuropæisk sommertid) with code 200
[2023-03-30T22:03:14.132] [INFO] default - Request received: GET / at Thu Mar 30 2023 22:03:14 GMT+0200 (Centraleuropæisk sommertid) with code 200
[2023-03-30T22:03:23.556] [INFO] default - Request received: GET /api/v1/data/classes at Thu Mar 30 2023 22:03:23 GMT+0200 (Centraleuropæisk sommertid) with code 200
[2023-03-30T23:19:14.029] [INFO] default - Request received: GET / at Thu Mar 30 2023 23:19:14 GMT+0200 (Centraleuropæisk sommertid) with code 200
[2023-03-30T23:19:25.062] [INFO] default - Request received: GET /api/v1/data/classes at Thu Mar 30 2023 23:19:25 GMT+0200 (Centraleuropæisk sommertid) with code 200
[2023-03-31T23:29:11.512] [INFO] default - Request received: GET / at Fri Mar 31 2023 23:29:11 GMT+0200 (Centraleuropæisk sommertid) with code 200
[2023-03-31T23:30:30.697] [INFO] default - Request received: GET /api/v1/data/classes at Fri Mar 31 2023 23:30:30 GMT+0200 (Centraleuropæisk sommertid) with code 200
[2023-03-31T23:30:30.817] [INFO] default - Request received: GET /favicon.ico at Fri Mar 31 2023 23:30:30 GMT+0200 (Centraleuropæisk sommertid) with code 200
[2023-03-31T23:46:50.129] [INFO] default - Request received: GET / at Fri Mar 31 2023 23:46:50 GMT+0200 (Centraleuropæisk sommertid) with code 200
[2023-03-31T23:47:02.714] [INFO] default - Request received: GET /api/v1/data/classes at Fri Mar 31 2023 23:47:02 GMT+0200 (Centraleuropæisk sommertid) with code 200
[2023-04-04T11:56:24.536] [INFO] default - Request received: GET /api/v1/data/classes at Tue Apr 04 2023 11:56:24 GMT+0200 (Centraleuropæisk sommertid) with code 200
[2023-04-04T11:56:24.614] [INFO] default - Request received: GET /api/v1/data/classes at Tue Apr 04 2023 11:56:24 GMT+0200 (Centraleuropæisk sommertid) with code 200
[2023-04-04T11:56:37.248] [INFO] default - Request received: GET /api/v1/data/classes at Tue Apr 04 2023 11:56:37 GMT+0200 (Centraleuropæisk sommertid) with code 200
[2023-04-04T11:56:37.252] [INFO] default - Request received: GET /api/v1/data/classes at Tue Apr 04 2023 11:56:37 GMT+0200 (Centraleuropæisk sommertid) with code 200
[2023-04-04T11:58:28.157] [INFO] default - Request received: GET /api/v1/data/classes at Tue Apr 04 2023 11:58:28 GMT+0200 (Centraleuropæisk sommertid) with code 200
[2023-04-04T11:59:05.221] [INFO] default - Request received: GET /api/v1/data/classes at Tue Apr 04 2023 11:59:05 GMT+0200 (Centraleuropæisk sommertid) with code 200
[2023-04-04T11:59:05.545] [INFO] default - Request received: GET /favicon.ico at Tue Apr 04 2023 11:59:05 GMT+0200 (Centraleuropæisk sommertid) with code 200
[2023-04-04T12:00:57.775] [INFO] default - Request received: GET /api/v1/data/classes at Tue Apr 04 2023 12:00:57 GMT+0200 (Centraleuropæisk sommertid) with code 200
[2023-04-04T12:02:25.156] [INFO] default - Request received: OPTIONS /api/v1/data/classes at Tue Apr 04 2023 12:02:25 GMT+0200 (Centraleuropæisk sommertid) with code 200
[2023-04-04T12:02:49.153] [INFO] default - Request received: OPTIONS /api/v1/data/classes at Tue Apr 04 2023 12:02:49 GMT+0200 (Centraleuropæisk sommertid) with code 200
[2023-04-04T12:03:14.157] [INFO] default - Request received: OPTIONS /api/v1/data/classes at Tue Apr 04 2023 12:03:14 GMT+0200 (Centraleuropæisk sommertid) with code 200
[2023-04-04T12:03:34.167] [INFO] default - Request received: GET /api/v1/data/classes at Tue Apr 04 2023 12:03:34 GMT+0200 (Centraleuropæisk sommertid) with code 200
[2023-04-04T12:08:12.798] [INFO] default - Request received: GET /api/v1/data/classes at Tue Apr 04 2023 12:08:12 GMT+0200 (Centraleuropæisk sommertid) with code 200
[2023-04-04T12:08:12.813] [INFO] default - Request received: GET /api/v1/data/classes at Tue Apr 04 2023 12:08:12 GMT+0200 (Centraleuropæisk sommertid) with code 200
[2023-04-04T12:09:36.694] [INFO] default - Request received: GET /api/v1/data/classes at Tue Apr 04 2023 12:09:36 GMT+0200 (Centraleuropæisk sommertid) with code 200
[2023-04-04T12:09:36.712] [INFO] default - Request received: GET /api/v1/data/classes at Tue Apr 04 2023 12:09:36 GMT+0200 (Centraleuropæisk sommertid) with code 200
[2023-04-04T12:11:35.987] [INFO] default - Request received: GET /api/v1/data/classes at Tue Apr 04 2023 12:11:35 GMT+0200 (Centraleuropæisk sommertid) with code 200
[2023-04-04T12:11:36.000] [INFO] default - Request received: GET /api/v1/data/classes at Tue Apr 04 2023 12:11:36 GMT+0200 (Centraleuropæisk sommertid) with code 200
[2023-04-04T12:12:28.165] [INFO] default - Request received: GET /api/v1/data/classes at Tue Apr 04 2023 12:12:28 GMT+0200 (Centraleuropæisk sommertid) with code 200
[2023-04-04T12:12:55.157] [INFO] default - Request received: GET /api/v1/data/classes at Tue Apr 04 2023 12:12:55 GMT+0200 (Centraleuropæisk sommertid) with code 200
[2023-04-04T12:13:34.166] [INFO] default - Request received: GET /api/v1/data/classes at Tue Apr 04 2023 12:13:34 GMT+0200 (Centraleuropæisk sommertid) with code 200
[2023-04-04T12:13:43.872] [INFO] default - Request received: GET /api/v1/data/classes at Tue Apr 04 2023 12:13:43 GMT+0200 (Centraleuropæisk sommertid) with code 200
[2023-04-04T12:13:43.877] [INFO] default - Request received: GET /api/v1/data/classes at Tue Apr 04 2023 12:13:43 GMT+0200 (Centraleuropæisk sommertid) with code 200
[2023-04-04T12:13:59.162] [INFO] default - Request received: GET /api/v1/data/classes at Tue Apr 04 2023 12:13:59 GMT+0200 (Centraleuropæisk sommertid) with code 200
[2023-04-04T12:14:07.340] [INFO] default - Request received: GET /api/v1/data/classes at Tue Apr 04 2023 12:14:07 GMT+0200 (Centraleuropæisk sommertid) with code 200
[2023-04-04T12:14:07.344] [INFO] default - Request received: GET /api/v1/data/classes at Tue Apr 04 2023 12:14:07 GMT+0200 (Centraleuropæisk sommertid) with code 200
[2023-04-04T12:15:09.163] [INFO] default - Request received: GET /api/v1/data/classes at Tue Apr 04 2023 12:15:09 GMT+0200 (Centraleuropæisk sommertid) with code 200
[2023-04-04T12:15:09.166] [INFO] default - Request received: GET /api/v1/data/classes at Tue Apr 04 2023 12:15:09 GMT+0200 (Centraleuropæisk sommertid) with code 200
[2023-04-04T12:15:45.163] [INFO] default - Request received: GET /api/v1/data/classes at Tue Apr 04 2023 12:15:45 GMT+0200 (Centraleuropæisk sommertid) with code 200
[2023-04-04T12:16:46.150] [INFO] default - Request received: GET /api/v1/data/classes at Tue Apr 04 2023 12:16:46 GMT+0200 (Centraleuropæisk sommertid) with code 200
[2023-04-04T12:17:46.646] [INFO] default - Request received: GET /api/v1/data/classes at Tue Apr 04 2023 12:17:46 GMT+0200 (Centraleuropæisk sommertid) with code 200
[2023-04-04T12:17:46.660] [INFO] default - Request received: GET /api/v1/data/classes at Tue Apr 04 2023 12:17:46 GMT+0200 (Centraleuropæisk sommertid) with code 200
[2023-04-04T12:25:54.643] [INFO] default - Request received: GET /api/v1/data/classes at Tue Apr 04 2023 12:25:54 GMT+0200 (Centraleuropæisk sommertid) with code 200
[2023-04-04T12:25:54.654] [INFO] default - Request received: GET /api/v1/data/classes at Tue Apr 04 2023 12:25:54 GMT+0200 (Centraleuropæisk sommertid) with code 200
[2023-04-04T12:32:42.879] [INFO] default - Request received: GET / at Tue Apr 04 2023 12:32:42 GMT+0200 (Centraleuropæisk sommertid) with code 200
[2023-04-04T12:32:54.260] [INFO] default - Request received: GET /api/v1/data/classes at Tue Apr 04 2023 12:32:54 GMT+0200 (Centraleuropæisk sommertid) with code 200
[2023-04-04T12:33:14.840] [INFO] default - Request received: GET /api/v1/data/classes at Tue Apr 04 2023 12:33:14 GMT+0200 (Centraleuropæisk sommertid) with code 200
[2023-04-04T12:33:14.846] [INFO] default - Request received: GET /api/v1/data/classes at Tue Apr 04 2023 12:33:14 GMT+0200 (Centraleuropæisk sommertid) with code 200
[2023-04-04T12:33:47.330] [INFO] default - Request received: GET /api/v1/data/classes at Tue Apr 04 2023 12:33:47 GMT+0200 (Centraleuropæisk sommertid) with code 200
[2023-04-04T12:33:47.345] [INFO] default - Request received: GET /api/v1/data/classes at Tue Apr 04 2023 12:33:47 GMT+0200 (Centraleuropæisk sommertid) with code 200
[2023-04-04T12:34:08.543] [INFO] default - Request received: GET /api/v1/data/classes at Tue Apr 04 2023 12:34:08 GMT+0200 (Centraleuropæisk sommertid) with code 200
[2023-04-04T12:34:08.557] [INFO] default - Request received: GET /api/v1/data/classes at Tue Apr 04 2023 12:34:08 GMT+0200 (Centraleuropæisk sommertid) with code 200
[2023-04-04T12:39:09.622] [INFO] default - Request received: GET /api/v1/data/classes at Tue Apr 04 2023 12:39:09 GMT+0200 (Centraleuropæisk sommertid) with code 200
[2023-04-04T12:39:09.636] [INFO] default - Request received: GET /api/v1/data/classes at Tue Apr 04 2023 12:39:09 GMT+0200 (Centraleuropæisk sommertid) with code 200
[2023-04-04T12:42:18.452] [INFO] default - Request received: GET /api/v1/data/classes at Tue Apr 04 2023 12:42:18 GMT+0200 (Centraleuropæisk sommertid) with code 200
[2023-04-04T12:42:18.466] [INFO] default - Request received: GET /api/v1/data/classes at Tue Apr 04 2023 12:42:18 GMT+0200 (Centraleuropæisk sommertid) with code 200
[2023-04-04T12:43:09.261] [INFO] default - Request received: GET /api/v1/data/classes at Tue Apr 04 2023 12:43:09 GMT+0200 (Centraleuropæisk sommertid) with code 200
[2023-04-04T12:43:09.275] [INFO] default - Request received: GET /api/v1/data/classes at Tue Apr 04 2023 12:43:09 GMT+0200 (Centraleuropæisk sommertid) with code 200
[2023-04-04T12:43:46.155] [INFO] default - Request received: GET /api/v1/data/classes at Tue Apr 04 2023 12:43:46 GMT+0200 (Centraleuropæisk sommertid) with code 200
[2023-04-04T12:43:46.158] [INFO] default - Request received: GET /api/v1/data/classes at Tue Apr 04 2023 12:43:46 GMT+0200 (Centraleuropæisk sommertid) with code 200
[2023-04-04T12:43:48.780] [INFO] default - Request received: GET /api/v1/data/classes at Tue Apr 04 2023 12:43:48 GMT+0200 (Centraleuropæisk sommertid) with code 200
[2023-04-04T12:43:48.786] [INFO] default - Request received: GET /api/v1/data/classes at Tue Apr 04 2023 12:43:48 GMT+0200 (Centraleuropæisk sommertid) with code 200
[2023-04-04T12:44:26.167] [INFO] default - Request received: GET /api/v1/data/classes at Tue Apr 04 2023 12:44:26 GMT+0200 (Centraleuropæisk sommertid) with code 200
[2023-04-04T12:44:26.170] [INFO] default - Request received: GET /api/v1/data/classes at Tue Apr 04 2023 12:44:26 GMT+0200 (Centraleuropæisk sommertid) with code 200
[2023-04-04T12:46:22.165] [INFO] default - Request received: GET /api/v1/data/classes at Tue Apr 04 2023 12:46:22 GMT+0200 (Centraleuropæisk sommertid) with code 200
[2023-04-04T12:47:18.157] [INFO] default - Request received: GET /api/v1/data/classes at Tue Apr 04 2023 12:47:18 GMT+0200 (Centraleuropæisk sommertid) with code 200
[2023-04-04T12:47:37.212] [INFO] default - Request received: GET /api/v1/data/classes at Tue Apr 04 2023 12:47:37 GMT+0200 (Centraleuropæisk sommertid) with code 200
[2023-04-04T12:47:37.216] [INFO] default - Request received: GET /api/v1/data/classes at Tue Apr 04 2023 12:47:37 GMT+0200 (Centraleuropæisk sommertid) with code 200
[2023-04-04T12:53:09.332] [INFO] default - Request received: GET /api/v1/data/classes at Tue Apr 04 2023 12:53:09 GMT+0200 (Centraleuropæisk sommertid) with code 200
[2023-04-04T12:53:09.335] [INFO] default - Request received: GET /api/v1/data/classes at Tue Apr 04 2023 12:53:09 GMT+0200 (Centraleuropæisk sommertid) with code 200
[2023-04-04T13:02:31.089] [INFO] default - Request received: GET /api/v1/data/classes at Tue Apr 04 2023 13:02:31 GMT+0200 (Centraleuropæisk sommertid) with code 200
[2023-04-04T13:02:31.095] [INFO] default - Request received: GET /api/v1/data/classes at Tue Apr 04 2023 13:02:31 GMT+0200 (Centraleuropæisk sommertid) with code 200
[2023-04-04T13:03:36.661] [INFO] default - Request received: GET /api/v1/data/classes at Tue Apr 04 2023 13:03:36 GMT+0200 (Centraleuropæisk sommertid) with code 200
[2023-04-04T13:03:36.665] [INFO] default - Request received: GET /api/v1/data/classes at Tue Apr 04 2023 13:03:36 GMT+0200 (Centraleuropæisk sommertid) with code 200
[2023-04-04T13:05:39.171] [INFO] default - Request received: GET /api/v1/data/classes at Tue Apr 04 2023 13:05:39 GMT+0200 (Centraleuropæisk sommertid) with code 200
[2023-04-04T13:05:44.419] [INFO] default - Request received: GET /api/v1/data/classes at Tue Apr 04 2023 13:05:44 GMT+0200 (Centraleuropæisk sommertid) with code 200
[2023-04-04T13:05:44.423] [INFO] default - Request received: GET /api/v1/data/classes at Tue Apr 04 2023 13:05:44 GMT+0200 (Centraleuropæisk sommertid) with code 200
[2023-04-04T13:05:55.522] [INFO] default - Request received: GET /api/v1/data/classes at Tue Apr 04 2023 13:05:55 GMT+0200 (Centraleuropæisk sommertid) with code 200
[2023-04-04T13:05:55.525] [INFO] default - Request received: GET /api/v1/data/classes at Tue Apr 04 2023 13:05:55 GMT+0200 (Centraleuropæisk sommertid) with code 200
[2023-04-04T13:06:04.570] [INFO] default - Request received: GET /api/v1/data/classes at Tue Apr 04 2023 13:06:04 GMT+0200 (Centraleuropæisk sommertid) with code 200
[2023-04-04T13:06:04.574] [INFO] default - Request received: GET /api/v1/data/classes at Tue Apr 04 2023 13:06:04 GMT+0200 (Centraleuropæisk sommertid) with code 200
[2023-04-04T13:06:16.153] [INFO] default - Request received: GET /api/v1/data/classes at Tue Apr 04 2023 13:06:16 GMT+0200 (Centraleuropæisk sommertid) with code 200
[2023-04-04T13:06:42.162] [INFO] default - Request received: GET /api/v1/data/classes at Tue Apr 04 2023 13:06:42 GMT+0200 (Centraleuropæisk sommertid) with code 200
[2023-04-04T13:06:45.150] [INFO] default - Request received: GET /api/v1/data/classes at Tue Apr 04 2023 13:06:45 GMT+0200 (Centraleuropæisk sommertid) with code 200
[2023-04-04T13:06:45.154] [INFO] default - Request received: GET /api/v1/data/classes at Tue Apr 04 2023 13:06:45 GMT+0200 (Centraleuropæisk sommertid) with code 200
[2023-04-04T13:13:15.000] [INFO] default - Request received: GET /api/v1/data/classes at Tue Apr 04 2023 13:13:15 GMT+0200 (Centraleuropæisk sommertid) with code 200
[2023-04-04T13:13:15.004] [INFO] default - Request received: GET /api/v1/data/classes at Tue Apr 04 2023 13:13:15 GMT+0200 (Centraleuropæisk sommertid) with code 200
[2023-04-04T13:13:15.060] [INFO] default - Request received: GET /api/v1/data/classes at Tue Apr 04 2023 13:13:15 GMT+0200 (Centraleuropæisk sommertid) with code 200
[2023-04-04T13:13:15.089] [INFO] default - Request received: GET /api/v1/data/classes at Tue Apr 04 2023 13:13:15 GMT+0200 (Centraleuropæisk sommertid) with code 200
[2023-04-04T13:37:18.159] [INFO] default - Request received: GET / at Tue Apr 04 2023 13:37:18 GMT+0200 (Centraleuropæisk sommertid) with code 200
[2023-04-04T13:37:26.463] [INFO] default - Request received: GET /api/v1/data at Tue Apr 04 2023 13:37:26 GMT+0200 (Centraleuropæisk sommertid) with code 200
[2023-04-04T13:37:52.881] [INFO] default - Request received: GET /api/v1/data at Tue Apr 04 2023 13:37:52 GMT+0200 (Centraleuropæisk sommertid) with code 200
[2023-04-04T13:38:24.437] [INFO] default - Request received: GET /api/v1/data at Tue Apr 04 2023 13:38:24 GMT+0200 (Centraleuropæisk sommertid) with code 200
[2023-04-04T13:38:57.003] [INFO] default - Request received: GET /api/v1/data at Tue Apr 04 2023 13:38:57 GMT+0200 (Centraleuropæisk sommertid) with code 200
[2023-04-04T13:39:09.705] [INFO] default - Request received: GET /api/v1/data at Tue Apr 04 2023 13:39:09 GMT+0200 (Centraleuropæisk sommertid) with code 200
[2023-04-04T13:40:34.125] [INFO] default - Request received: GET /api/v1/data at Tue Apr 04 2023 13:40:34 GMT+0200 (Centraleuropæisk sommertid) with code 200
[2023-04-04T13:43:58.200] [INFO] default - Request received: GET /api/v1/data at Tue Apr 04 2023 13:43:58 GMT+0200 (Centraleuropæisk sommertid) with code 200
[2023-04-04T13:48:35.652] [INFO] default - Request received: GET /api/v1/data at Tue Apr 04 2023 13:48:35 GMT+0200 (Centraleuropæisk sommertid) with code 200
[2023-04-04T13:48:52.054] [INFO] default - Request received: GET /api/v1/data at Tue Apr 04 2023 13:48:52 GMT+0200 (Centraleuropæisk sommertid) with code 200
[2023-04-04T13:49:11.302] [INFO] default - Request received: GET /api/v1/data at Tue Apr 04 2023 13:49:11 GMT+0200 (Centraleuropæisk sommertid) with code 200
[2023-04-04T13:59:18.519] [INFO] default - Request received: GET /api/v1/data/classes at Tue Apr 04 2023 13:59:18 GMT+0200 (Centraleuropæisk sommertid) with code 200
[2023-04-04T13:59:18.529] [INFO] default - Request received: GET /api/v1/data/classes at Tue Apr 04 2023 13:59:18 GMT+0200 (Centraleuropæisk sommertid) with code 200
[2023-04-04T14:01:21.164] [INFO] default - Request received: GET /api/v1/data/classes at Tue Apr 04 2023 14:01:21 GMT+0200 (Centraleuropæisk sommertid) with code 200
[2023-04-04T14:03:35.159] [INFO] default - Request received: GET /api/v1/data/classes at Tue Apr 04 2023 14:03:35 GMT+0200 (Centraleuropæisk sommertid) with code 200
[2023-04-04T14:04:29.560] [INFO] default - Request received: GET /api/v1/data/classes at Tue Apr 04 2023 14:04:29 GMT+0200 (Centraleuropæisk sommertid) with code 200
[2023-04-04T14:05:04.549] [INFO] default - Request received: GET /api/v1/data/classes at Tue Apr 04 2023 14:05:04 GMT+0200 (Centraleuropæisk sommertid) with code 200
[2023-04-04T14:05:04.553] [INFO] default - Request received: GET /api/v1/data/classes at Tue Apr 04 2023 14:05:04 GMT+0200 (Centraleuropæisk sommertid) with code 200
[2023-04-04T14:05:22.154] [INFO] default - Request received: GET /api/v1/data/classes at Tue Apr 04 2023 14:05:22 GMT+0200 (Centraleuropæisk sommertid) with code 200
[2023-04-04T14:05:52.733] [INFO] default - Request received: GET /api/v1/data/classes at Tue Apr 04 2023 14:05:52 GMT+0200 (Centraleuropæisk sommertid) with code 200
[2023-04-04T14:06:44.167] [INFO] default - Request received: GET /api/v1/data/classes at Tue Apr 04 2023 14:06:44 GMT+0200 (Centraleuropæisk sommertid) with code 200
[2023-04-04T14:06:44.170] [INFO] default - Request received: GET /api/v1/data/classes at Tue Apr 04 2023 14:06:44 GMT+0200 (Centraleuropæisk sommertid) with code 200
[2023-04-04T14:07:08.154] [INFO] default - Request received: GET /api/v1/data/classes at Tue Apr 04 2023 14:07:08 GMT+0200 (Centraleuropæisk sommertid) with code 200
[2023-04-04T14:07:39.036] [INFO] default - Request received: GET /api/v1/data/classes at Tue Apr 04 2023 14:07:39 GMT+0200 (Centraleuropæisk sommertid) with code 200
[2023-04-04T14:08:50.164] [INFO] default - Request received: GET /api/v1/data/classes at Tue Apr 04 2023 14:08:50 GMT+0200 (Centraleuropæisk sommertid) with code 200
[2023-04-04T14:08:56.159] [INFO] default - Request received: GET /api/v1/data/classes at Tue Apr 04 2023 14:08:56 GMT+0200 (Centraleuropæisk sommertid) with code 200
[2023-04-04T14:09:49.159] [INFO] default - Request received: GET /api/v1/data/classes at Tue Apr 04 2023 14:09:49 GMT+0200 (Centraleuropæisk sommertid) with code 200
[2023-04-04T14:10:39.162] [INFO] default - Request received: GET /api/v1/data/classes at Tue Apr 04 2023 14:10:39 GMT+0200 (Centraleuropæisk sommertid) with code 200
[2023-04-04T14:12:09.166] [INFO] default - Request received: GET /api/v1/data/classes at Tue Apr 04 2023 14:12:09 GMT+0200 (Centraleuropæisk sommertid) with code 200
[2023-04-04T14:12:17.419] [INFO] default - Request received: GET /api/v1/data/classes at Tue Apr 04 2023 14:12:17 GMT+0200 (Centraleuropæisk sommertid) with code 200
[2023-04-04T14:12:17.422] [INFO] default - Request received: GET /api/v1/data/classes at Tue Apr 04 2023 14:12:17 GMT+0200 (Centraleuropæisk sommertid) with code 200
[2023-04-04T14:12:23.153] [INFO] default - Request received: GET /api/v1/data/classes at Tue Apr 04 2023 14:12:23 GMT+0200 (Centraleuropæisk sommertid) with code 200
[2023-04-04T14:12:44.738] [INFO] default - Request received: GET /api/v1/data/classes at Tue Apr 04 2023 14:12:44 GMT+0200 (Centraleuropæisk sommertid) with code 200
[2023-04-04T14:12:50.153] [INFO] default - Request received: GET /api/v1/data/classes at Tue Apr 04 2023 14:12:50 GMT+0200 (Centraleuropæisk sommertid) with code 200
[2023-04-04T14:14:30.083] [INFO] default - Request received: GET /api/v1/data/classes at Tue Apr 04 2023 14:14:30 GMT+0200 (Centraleuropæisk sommertid) with code 200
[2023-04-04T14:14:56.096] [INFO] default - Request received: GET /api/v1/data/classes at Tue Apr 04 2023 14:14:56 GMT+0200 (Centraleuropæisk sommertid) with code 200
[2023-04-04T14:18:23.163] [INFO] default - Request received: GET /api/v1/data/classes at Tue Apr 04 2023 14:18:23 GMT+0200 (Centraleuropæisk sommertid) with code 200
[2023-04-04T14:18:49.838] [INFO] default - Request received: GET /api/v1/data/classes at Tue Apr 04 2023 14:18:49 GMT+0200 (Centraleuropæisk sommertid) with code 200
[2023-04-04T14:18:49.861] [INFO] default - Request received: GET /api/v1/data/classes at Tue Apr 04 2023 14:18:49 GMT+0200 (Centraleuropæisk sommertid) with code 200
[2023-04-04T14:21:10.158] [INFO] default - Request received: GET /api/v1/data/classes at Tue Apr 04 2023 14:21:10 GMT+0200 (Centraleuropæisk sommertid) with code 200
[2023-04-04T14:21:15.908] [INFO] default - Request received: GET /api/v1/data/classes at Tue Apr 04 2023 14:21:15 GMT+0200 (Centraleuropæisk sommertid) with code 200
[2023-04-04T14:21:15.911] [INFO] default - Request received: GET /api/v1/data/classes at Tue Apr 04 2023 14:21:15 GMT+0200 (Centraleuropæisk sommertid) with code 200
[2023-04-04T14:21:39.167] [INFO] default - Request received: GET /api/v1/data/classes at Tue Apr 04 2023 14:21:39 GMT+0200 (Centraleuropæisk sommertid) with code 200
[2023-04-04T14:21:52.160] [INFO] default - Request received: GET /api/v1/data/classes at Tue Apr 04 2023 14:21:52 GMT+0200 (Centraleuropæisk sommertid) with code 200
[2023-04-04T14:23:54.166] [INFO] default - Request received: GET /api/v1/data/classes at Tue Apr 04 2023 14:23:54 GMT+0200 (Centraleuropæisk sommertid) with code 200
[2023-04-04T14:24:07.153] [INFO] default - Request received: GET /api/v1/data/classes at Tue Apr 04 2023 14:24:07 GMT+0200 (Centraleuropæisk sommertid) with code 200
[2023-04-04T14:24:14.185] [INFO] default - Request received: GET /api/v1/data/classes at Tue Apr 04 2023 14:24:14 GMT+0200 (Centraleuropæisk sommertid) with code 200
[2023-04-04T14:24:14.190] [INFO] default - Request received: GET /api/v1/data/classes at Tue Apr 04 2023 14:24:14 GMT+0200 (Centraleuropæisk sommertid) with code 200
[2023-04-04T14:24:29.388] [INFO] default - Request received: GET /api/v1/data/classes at Tue Apr 04 2023 14:24:29 GMT+0200 (Centraleuropæisk sommertid) with code 200
[2023-04-04T14:24:29.398] [INFO] default - Request received: GET /api/v1/data/classes at Tue Apr 04 2023 14:24:29 GMT+0200 (Centraleuropæisk sommertid) with code 200
[2023-04-04T14:25:06.636] [INFO] default - Request received: GET /api/v1/data/classes at Tue Apr 04 2023 14:25:06 GMT+0200 (Centraleuropæisk sommertid) with code 200
[2023-04-04T14:25:06.639] [INFO] default - Request received: GET /api/v1/data/classes at Tue Apr 04 2023 14:25:06 GMT+0200 (Centraleuropæisk sommertid) with code 200
[2023-04-04T14:25:28.156] [INFO] default - Request received: GET /api/v1/data/classes at Tue Apr 04 2023 14:25:28 GMT+0200 (Centraleuropæisk sommertid) with code 200
[2023-04-04T14:25:46.165] [INFO] default - Request received: GET /api/v1/data/classes at Tue Apr 04 2023 14:25:46 GMT+0200 (Centraleuropæisk sommertid) with code 200
[2023-04-04T14:25:59.942] [INFO] default - Request received: GET /api/v1/data/classes at Tue Apr 04 2023 14:25:59 GMT+0200 (Centraleuropæisk sommertid) with code 200
[2023-04-04T14:28:44.665] [INFO] default - Request received: GET /api/v1/data/classes at Tue Apr 04 2023 14:28:44 GMT+0200 (Centraleuropæisk sommertid) with code 200
[2023-04-04T14:28:44.668] [INFO] default - Request received: GET /api/v1/data/classes at Tue Apr 04 2023 14:28:44 GMT+0200 (Centraleuropæisk sommertid) with code 200
[2023-04-04T14:28:59.914] [INFO] default - Request received: GET /api/v1/data/classes at Tue Apr 04 2023 14:28:59 GMT+0200 (Centraleuropæisk sommertid) with code 200
[2023-04-04T14:28:59.938] [INFO] default - Request received: GET /api/v1/data/classes at Tue Apr 04 2023 14:28:59 GMT+0200 (Centraleuropæisk sommertid) with code 200
[2023-04-04T14:29:06.710] [INFO] default - Request received: GET /api/v1/data/classes at Tue Apr 04 2023 14:29:06 GMT+0200 (Centraleuropæisk sommertid) with code 200
[2023-04-04T14:29:06.733] [INFO] default - Request received: GET /api/v1/data/classes at Tue Apr 04 2023 14:29:06 GMT+0200 (Centraleuropæisk sommertid) with code 200
[2023-04-04T14:30:12.160] [INFO] default - Request received: GET /api/v1/data/classes at Tue Apr 04 2023 14:30:12 GMT+0200 (Centraleuropæisk sommertid) with code 200
[2023-04-04T14:36:42.167] [INFO] default - Request received: GET /api/v1/data/classes at Tue Apr 04 2023 14:36:42 GMT+0200 (Centraleuropæisk sommertid) with code 200
[2023-04-04T14:36:50.817] [INFO] default - Request received: GET /api/v1/data/classes at Tue Apr 04 2023 14:36:50 GMT+0200 (Centraleuropæisk sommertid) with code 200
[2023-04-04T14:36:50.820] [INFO] default - Request received: GET /api/v1/data/classes at Tue Apr 04 2023 14:36:50 GMT+0200 (Centraleuropæisk sommertid) with code 200
[2023-04-04T14:37:01.155] [INFO] default - Request received: GET /api/v1/data/classes at Tue Apr 04 2023 14:37:01 GMT+0200 (Centraleuropæisk sommertid) with code 200
[2023-04-04T14:37:04.940] [INFO] default - Request received: GET /api/v1/data/classes at Tue Apr 04 2023 14:37:04 GMT+0200 (Centraleuropæisk sommertid) with code 200
[2023-04-04T14:37:04.943] [INFO] default - Request received: GET /api/v1/data/classes at Tue Apr 04 2023 14:37:04 GMT+0200 (Centraleuropæisk sommertid) with code 200
[2023-04-04T14:37:35.215] [INFO] default - Request received: GET /api/v1/data/classes at Tue Apr 04 2023 14:37:35 GMT+0200 (Centraleuropæisk sommertid) with code 200
[2023-04-04T14:37:35.220] [INFO] default - Request received: GET /api/v1/data/classes at Tue Apr 04 2023 14:37:35 GMT+0200 (Centraleuropæisk sommertid) with code 200
[2023-04-04T14:38:13.562] [INFO] default - Request received: GET /api/v1/data/classes at Tue Apr 04 2023 14:38:13 GMT+0200 (Centraleuropæisk sommertid) with code 200
[2023-04-04T14:38:13.564] [INFO] default - Request received: GET /api/v1/data/classes at Tue Apr 04 2023 14:38:13 GMT+0200 (Centraleuropæisk sommertid) with code 200
[2023-04-04T14:39:13.856] [INFO] default - Request received: GET /api/v1/data/classes at Tue Apr 04 2023 14:39:13 GMT+0200 (Centraleuropæisk sommertid) with code 200
[2023-04-04T14:39:13.860] [INFO] default - Request received: GET /api/v1/data/classes at Tue Apr 04 2023 14:39:13 GMT+0200 (Centraleuropæisk sommertid) with code 200
[2023-04-04T14:39:44.158] [INFO] default - Request received: GET /api/v1/data/classes at Tue Apr 04 2023 14:39:44 GMT+0200 (Centraleuropæisk sommertid) with code 200
[2023-04-04T14:40:05.171] [INFO] default - Request received: GET /api/v1/data/classes at Tue Apr 04 2023 14:40:05 GMT+0200 (Centraleuropæisk sommertid) with code 200
[2023-04-04T14:40:07.259] [INFO] default - Request received: GET /api/v1/data/classes at Tue Apr 04 2023 14:40:07 GMT+0200 (Centraleuropæisk sommertid) with code 200
[2023-04-04T14:40:34.236] [INFO] default - Request received: GET /api/v1/data/classes at Tue Apr 04 2023 14:40:34 GMT+0200 (Centraleuropæisk sommertid) with code 200
[2023-04-04T14:40:34.240] [INFO] default - Request received: GET /api/v1/data/classes at Tue Apr 04 2023 14:40:34 GMT+0200 (Centraleuropæisk sommertid) with code 200
[2023-04-04T14:41:56.152] [INFO] default - Request received: GET /api/v1/data/classes at Tue Apr 04 2023 14:41:56 GMT+0200 (Centraleuropæisk sommertid) with code 200
[2023-04-04T14:42:21.942] [INFO] default - Request received: GET /api/v1/data/classes at Tue Apr 04 2023 14:42:21 GMT+0200 (Centraleuropæisk sommertid) with code 200
[2023-04-04T14:42:21.944] [INFO] default - Request received: GET /api/v1/data/classes at Tue Apr 04 2023 14:42:21 GMT+0200 (Centraleuropæisk sommertid) with code 200
[2023-04-04T14:42:32.158] [INFO] default - Request received: GET /api/v1/data/classes at Tue Apr 04 2023 14:42:32 GMT+0200 (Centraleuropæisk sommertid) with code 200
[2023-04-04T14:42:56.155] [INFO] default - Request received: GET /api/v1/data/classes at Tue Apr 04 2023 14:42:56 GMT+0200 (Centraleuropæisk sommertid) with code 200
[2023-04-04T14:50:13.640] [INFO] default - Request received: GET / at Tue Apr 04 2023 14:50:13 GMT+0200 (Centraleuropæisk sommertid) with code 200
[2023-04-04T14:50:20.241] [INFO] default - Request received: GET /api/v1/data at Tue Apr 04 2023 14:50:20 GMT+0200 (Centraleuropæisk sommertid) with code 200
[2023-04-04T14:52:39.167] [INFO] default - Request received: GET / at Tue Apr 04 2023 14:52:39 GMT+0200 (Centraleuropæisk sommertid) with code 200
[2023-04-04T14:52:39.996] [INFO] default - Request received: GET /favicon.ico at Tue Apr 04 2023 14:52:39 GMT+0200 (Centraleuropæisk sommertid) with code 200
[2023-04-04T14:52:42.859] [INFO] default - Request received: GET /api/v1/data/classes at Tue Apr 04 2023 14:52:42 GMT+0200 (Centraleuropæisk sommertid) with code 200
[2023-04-04T14:52:42.930] [INFO] default - Request received: GET /api/v1/data/classes at Tue Apr 04 2023 14:52:42 GMT+0200 (Centraleuropæisk sommertid) with code 200
[2023-04-04T14:52:56.810] [INFO] default - Request received: GET /api/v1/data at Tue Apr 04 2023 14:52:56 GMT+0200 (Centraleuropæisk sommertid) with code 200
[2023-04-04T14:53:43.564] [INFO] default - Request received: GET /api/v1/data at Tue Apr 04 2023 14:53:43 GMT+0200 (Centraleuropæisk sommertid) with code 200
[2023-04-04T14:53:45.947] [INFO] default - Request received: GET /favicon.ico at Tue Apr 04 2023 14:53:45 GMT+0200 (Centraleuropæisk sommertid) with code 200
[2023-04-04T14:55:46.037] [INFO] default - Request received: GET / at Tue Apr 04 2023 14:55:46 GMT+0200 (Centraleuropæisk sommertid) with code 200
[2023-04-04T14:55:53.131] [INFO] default - Request received: GET /api/v1/data at Tue Apr 04 2023 14:55:53 GMT+0200 (Centraleuropæisk sommertid) with code 200
